#
# There is insufficient memory for the Java Runtime Environment to continue.
# Native memory allocation (mmap) failed to map 125829120 bytes for G1 virtual space
# Possible reasons:
#   The system is out of physical RAM or swap space
#   The process is running with CompressedOops enabled, and the Java Heap may be blocking the growth of the native heap
# Possible solutions:
#   Reduce memory load on the system
#   Increase physical memory or swap space
#   Check if swap backing store is full
#   Decrease Java heap size (-Xmx/-Xms)
#   Decrease number of Java threads
#   Decrease Java thread stack sizes (-Xss)
#   Set larger code cache with -XX:ReservedCodeCacheSize=
#   JVM is running with Unscaled Compressed Oops mode in which the Java heap is
#     placed in the first 4GB address space. The Java Heap base address is the
#     maximum limit for the native heap growth. Please use -XX:HeapBaseMinAddress
#     to set the Java Heap base and to place the Java Heap above 4GB virtual address.
# This output file may be truncated or incomplete.
#
#  Out of Memory Error (os_windows.cpp:3536), pid=28936, tid=35812
#
# JRE version:  (19.0.2+7) (build )
# Java VM: Java HotSpot(TM) 64-Bit Server VM (19.0.2+7-44, mixed mode, sharing, tiered, compressed oops, compressed class ptrs, g1 gc, windows-amd64)
# No core dump will be written. Minidumps are not enabled by default on client versions of Windows
#

---------------  S U M M A R Y ------------

Command Line: -Dfile.encoding=UTF-8 --module-path=C:\Users\Subhe\OneDrive\Documents\NetBeansProjects\University Management System\build\classes university.management.system.About

Host: AMD Ryzen 7 4800H with Radeon Graphics         , 16 cores, 7G,  Windows 11 , 64 bit Build 22621 (10.0.22621.1245)
Time: Mon Apr 10 00:01:01 2023 India Standard Time elapsed time: 0.014917 seconds (0d 0h 0m 0s)

---------------  T H R E A D  ---------------

Current thread (0x000002753709e6e0):  JavaThread "Unknown thread" [_thread_in_vm, id=35812, stack(0x000000a919100000,0x000000a919200000)]

Stack: [0x000000a919100000,0x000000a919200000]
Native frames: (J=compiled Java code, j=interpreted, Vv=VM code, C=native code)
V  [jvm.dll+0x6ee21a]
V  [jvm.dll+0x85765e]
V  [jvm.dll+0x85904e]
V  [jvm.dll+0x859703]
V  [jvm.dll+0x28298f]
V  [jvm.dll+0x6eb009]
V  [jvm.dll+0x6dfbaa]
V  [jvm.dll+0x3573f6]
V  [jvm.dll+0x35ee56]
V  [jvm.dll+0x3b541e]
V  [jvm.dll+0x3b564f]
V  [jvm.dll+0x32c9ea]
V  [jvm.dll+0x32d89e]
V  [jvm.dll+0x821780]
V  [jvm.dll+0x3c2661]
V  [jvm.dll+0x801f51]
V  [jvm.dll+0x44ae8f]
V  [jvm.dll+0x44c811]
C  [jli.dll+0x5287]
C  [ucrtbase.dll+0x29363]
C  [KERNEL32.DLL+0x126bd]
C  [ntdll.dll+0x5dfb8]


---------------  P R O C E S S  ---------------

Threads class SMR info:
_java_thread_list=0x00007ffc7eded048, length=0, elements={
}

Java Threads: ( => current thread )

Other Threads:
  0x00000275370fad70 WorkerThread "GC Thread#0" [stack: 0x000000a919200000,0x000000a919300000] [id=1996]
  0x000002753710b160 ConcurrentGCThread "G1 Main Marker" [stack: 0x000000a919300000,0x000000a919400000] [id=21940]
  0x000002753710bd90 WorkerThread "G1 Conc#0" [stack: 0x000000a919400000,0x000000a919500000] [id=16152]

[error occurred during error reporting (printing all threads), id 0xc0000005, EXCEPTION_ACCESS_VIOLATION (0xc0000005) at pc=0x00007ffc7e5ad427]

VM state: not at safepoint (not fully initialized)

VM Mutex/Monitor currently owned by a thread:  ([mutex/lock_event])
[0x0000027537099760] Heap_lock - owner thread: 0x000002753709e6e0

Heap address: 0x0000000089400000, size: 1900 MB, Compressed Oops mode: 32-bit

CDS archive(s) mapped at: [0x0000000000000000-0x0000000000000000-0x0000000000000000), size 0, SharedBaseAddress: 0x0000000800000000, ArchiveRelocationMode: 0.
Narrow klass base: 0x0000000000000000, Narrow klass shift: 0, Narrow klass range: 0x0

GC Precious Log:
 CardTable entry size: 512
 Card Set container configuration: InlinePtr #cards 5 size 8 Array Of Cards #cards 12 size 40 Howl #buckets 4 coarsen threshold 1843 Howl Bitmap #cards 512 size 80 coarsen threshold 460 Card regions per heap region 1 cards per card region 2048

Heap:
 garbage-first heap   total 0K, used 0K [0x0000000089400000, 0x0000000100000000)
  region size 1024K, 0 young (0K), 0 survivors (0K)

[error occurred during error reporting (printing heap information), id 0xc0000005, EXCEPTION_ACCESS_VIOLATION (0xc0000005) at pc=0x00007ffc7e9b6649]

GC Heap History (0 events):
No events

Dll operation events (1 events):
Event: 0.010 Loaded shared library C:\Program Files\Java\jdk-19\bin\java.dll

Deoptimization events (0 events):
No events

Classes loaded (0 events):
No events

Classes unloaded (0 events):
No events

Classes redefined (0 events):
No events

Internal exceptions (0 events):
No events

VM Operations (0 events):
No events

Events (0 events):
No events


Dynamic libraries:
0x00007ff61e270000 - 0x00007ff61e280000 	C:\Program Files\Java\jdk-19\bin\java.exe
0x00007ffcc3590000 - 0x00007ffcc37a4000 	C:\WINDOWS\SYSTEM32\ntdll.dll
0x00007ffcc2170000 - 0x00007ffcc2233000 	C:\WINDOWS\System32\KERNEL32.DLL
0x00007ffcc0d50000 - 0x00007ffcc10ec000 	C:\WINDOWS\System32\KERNELBASE.dll
0x00007ffcc0a00000 - 0x00007ffcc0b11000 	C:\WINDOWS\System32\ucrtbase.dll
0x00007ffcb0680000 - 0x00007ffcb069b000 	C:\Program Files\Java\jdk-19\bin\VCRUNTIME140.dll
0x00007ffcbb5a0000 - 0x00007ffcbb5b8000 	C:\Program Files\Java\jdk-19\bin\jli.dll
0x00007ffcc2a90000 - 0x00007ffcc2b3e000 	C:\WINDOWS\System32\ADVAPI32.dll
0x00007ffcc1790000 - 0x00007ffcc1837000 	C:\WINDOWS\System32\msvcrt.dll
0x00007ffcc18f0000 - 0x00007ffcc1994000 	C:\WINDOWS\System32\sechost.dll
0x00007ffcc2b40000 - 0x00007ffcc2c55000 	C:\WINDOWS\System32\RPCRT4.dll
0x00007ffcc3230000 - 0x00007ffcc33dd000 	C:\WINDOWS\System32\USER32.dll
0x00007ffcab1f0000 - 0x00007ffcab47e000 	C:\WINDOWS\WinSxS\amd64_microsoft.windows.common-controls_6595b64144ccf1df_6.0.22621.436_none_a94247dbc10d8414\COMCTL32.dll
0x00007ffcc09d0000 - 0x00007ffcc09f6000 	C:\WINDOWS\System32\win32u.dll
0x00007ffcc1840000 - 0x00007ffcc1869000 	C:\WINDOWS\System32\GDI32.dll
0x00007ffcc1190000 - 0x00007ffcc12a2000 	C:\WINDOWS\System32\gdi32full.dll
0x00007ffcc10f0000 - 0x00007ffcc118a000 	C:\WINDOWS\System32\msvcp_win.dll
0x00007ffcb8590000 - 0x00007ffcb859a000 	C:\WINDOWS\SYSTEM32\VERSION.dll
0x00007ffcc33e0000 - 0x00007ffcc3412000 	C:\WINDOWS\System32\IMM32.DLL
0x00007ffcb0470000 - 0x00007ffcb047c000 	C:\Program Files\Java\jdk-19\bin\vcruntime140_1.dll
0x00007ffc7d6e0000 - 0x00007ffc7d76e000 	C:\Program Files\Java\jdk-19\bin\msvcp140.dll
0x00007ffc7e270000 - 0x00007ffc7ef30000 	C:\Program Files\Java\jdk-19\bin\server\jvm.dll
0x00007ffcb0480000 - 0x00007ffcb0489000 	C:\WINDOWS\SYSTEM32\WSOCK32.dll
0x00007ffcb8430000 - 0x00007ffcb8464000 	C:\WINDOWS\SYSTEM32\WINMM.dll
0x00007ffcc20f0000 - 0x00007ffcc2161000 	C:\WINDOWS\System32\WS2_32.dll
0x00007ffcbfaf0000 - 0x00007ffcbfb08000 	C:\WINDOWS\SYSTEM32\kernel.appcore.dll
0x00007ffcb0460000 - 0x00007ffcb046a000 	C:\Program Files\Java\jdk-19\bin\jimage.dll
0x00007ffcbe240000 - 0x00007ffcbe46e000 	C:\WINDOWS\SYSTEM32\DBGHELP.DLL
0x00007ffcc13a0000 - 0x00007ffcc172a000 	C:\WINDOWS\System32\combase.dll
0x00007ffcc2010000 - 0x00007ffcc20e7000 	C:\WINDOWS\System32\OLEAUT32.dll
0x00007ffcb4800000 - 0x00007ffcb4832000 	C:\WINDOWS\SYSTEM32\dbgcore.DLL
0x00007ffcc1320000 - 0x00007ffcc139b000 	C:\WINDOWS\System32\bcryptPrimitives.dll
0x00007ffcaf110000 - 0x00007ffcaf136000 	C:\Program Files\Java\jdk-19\bin\java.dll

dbghelp: loaded successfully - version: 4.0.5 - missing functions: none
symbol engine: initialized successfully - sym options: 0x614 - pdb path: .;C:\Program Files\Java\jdk-19\bin;C:\WINDOWS\SYSTEM32;C:\WINDOWS\WinSxS\amd64_microsoft.windows.common-controls_6595b64144ccf1df_6.0.22621.436_none_a94247dbc10d8414;C:\Program Files\Java\jdk-19\bin\server

VM Arguments:
jvm_args: -Dfile.encoding=UTF-8 --module-path=C:\Users\Subhe\OneDrive\Documents\NetBeansProjects\University Management System\build\classes 
java_command: university.management.system.About
java_class_path (initial): C:\Users\Subhe\OneDrive\Documents\NetBeansProjects\mysql-connector-java-8.0.28.jar;C:\Users\Subhe\OneDrive\Documents\NetBeansProjects\jcalendar-tz-1.3.3-4.jar;C:\Users\Subhe\OneDrive\Documents\NetBeansProjects\rs2xml.jar;C:\Users\Subhe\OneDrive\Documents\NetBeansProjects\University Management System\build\classes
Launcher Type: SUN_STANDARD

[Global flags]
     intx CICompilerCount                          = 12                                        {product} {ergonomic}
     uint ConcGCThreads                            = 3                                         {product} {ergonomic}
     uint G1ConcRefinementThreads                  = 13                                        {product} {ergonomic}
   size_t G1HeapRegionSize                         = 1048576                                   {product} {ergonomic}
    uintx GCDrainStackTargetSize                   = 64                                        {product} {ergonomic}
   size_t InitialHeapSize                          = 125829120                                 {product} {ergonomic}
   size_t MarkStackSize                            = 4194304                                   {product} {ergonomic}
   size_t MaxHeapSize                              = 1992294400                                {product} {ergonomic}
   size_t MinHeapDeltaBytes                        = 1048576                                   {product} {ergonomic}
   size_t MinHeapSize                              = 8388608                                   {product} {ergonomic}
    uintx NonNMethodCodeHeapSize                   = 7602480                                {pd product} {ergonomic}
    uintx NonProfiledCodeHeapSize                  = 122027880                              {pd product} {ergonomic}
    uintx ProfiledCodeHeapSize                     = 122027880                              {pd product} {ergonomic}
    uintx ReservedCodeCacheSize                    = 251658240                              {pd product} {ergonomic}
     bool SegmentedCodeCache                       = true                                      {product} {ergonomic}
   size_t SoftMaxHeapSize                          = 1992294400                             {manageable} {ergonomic}
     bool UseCompressedClassPointers               = true                           {product lp64_product} {ergonomic}
     bool UseCompressedOops                        = true                           {product lp64_product} {ergonomic}
     bool UseG1GC                                  = true                                      {product} {ergonomic}
     bool UseLargePagesIndividualAllocation        = false                                  {pd product} {ergonomic}

Logging:
Log output configuration:
 #0: stdout all=warning uptime,level,tags foldmultilines=false
 #1: stderr all=off uptime,level,tags foldmultilines=false

Environment Variables:
JAVA_HOME=C:\Program Files\Microsoft\jdk-11.0.18.10-hotspot\
PATH=C:\Program Files\Microsoft\jdk-11.0.18.10-hotspot\bin;C:\Python311\Scripts\;C:\Python311\;C:\Program Files\NVIDIA GPU Computing Toolkit\CUDA\v12.0\bin;C:\Program Files\NVIDIA GPU Computing Toolkit\CUDA\v12.0\libnvvp;C:\Program Files\Common Files\Oracle\Java\javapath;C:\Windows\system32;C:\Windows;C:\Windows\System32\Wbem;C:\Windows\System32\WindowsPowerShell\v1.0\;C:\Windows\System32\OpenSSH\;C:\Program Files (x86)\NVIDIA Corporation\PhysX\Common;C:\WINDOWS\system32;C:\WINDOWS;C:\WINDOWS\System32\Wbem;C:\WINDOWS\System32\WindowsPowerShell\v1.0\;C:\WINDOWS\System32\OpenSSH\;C:\MinGW\bin;C:\Program Files\Java\jdk-19\bin;C:\Program Files\NVIDIA Corporation\NVIDIA NvDLISR;C:\Program Files\NVIDIA Corporation\Nsight Compute 2022.4.1\;C:\Program Files\NVIDIA GPU Computing Toolkit\CUDA\v12.0\extras\CUPTI\include;C:\Program Files\NVIDIA GPU Computing Toolkit\CUDA\v12.0\extras\CUPTI\lib64;C:\Program Files\NVIDIA GPU Computing Toolkit\CUDA\v12.0\bin;C:\cuDNn\cudnn-windows-x86_64-8.8.0.121_cuda12-archive\bin;C:\cuDNn\cudnn-windows-x86_64-8.8.0.121_cuda12-archive\include;C:\Program Files\dotnet\;C:\ProgramData\chocolatey\bin;C:\Program Files\nodejs\;C:\Users\Subhe\AppData\Local\Android\Sdk\platform-tools;C:\Program Files\MySQL\MySQL Shell 8.0\bin\;C:\Users\Subhe\anaconda3;C:\Users\Subhe\anaconda3\Library\mingw-w64\bin;C:\Users\Subhe\anaconda3\Library\usr\bin;C:\Users\Subhe\anaconda3\Library\bin;C:\Users\Subhe\anaconda3\Scripts;C:\Users\Subhe\AppData\Local\Microsoft\WindowsApps;C:\Users\Subhe\AppData\Local\Programs\Microsoft VS Code\bin;C:\Users\Subhe\.dotnet\tools;C:\Users\Subhe\AppData\Roaming\npm
USERNAME=Subhe
OS=Windows_NT
PROCESSOR_IDENTIFIER=AMD64 Family 23 Model 96 Stepping 1, AuthenticAMD
TMP=C:\Users\Subhe\AppData\Local\Temp
TEMP=C:\Users\Subhe\AppData\Local\Temp



---------------  S Y S T E M  ---------------

OS:
 Windows 11 , 64 bit Build 22621 (10.0.22621.1245)
OS uptime: 2 days 5:35 hours
Hyper-V role detected

CPU: total 16 (initial active 16) (16 cores per cpu, 2 threads per core) family 23 model 96 stepping 1 microcode 0x0, cx8, cmov, fxsr, ht, mmx, 3dnowpref, sse, sse2, sse3, ssse3, sse4a, sse4.1, sse4.2, popcnt, lzcnt, tsc, tscinvbit, avx, avx2, aes, clmul, bmi1, bmi2, adx, sha, fma, vzeroupper, clflush, clflushopt, hv, rdtscp, rdpid

Memory: 4k page, system-wide physical 7599M (775M free)
TotalPageFile size 31151M (AvailPageFile size 76M)
current process WorkingSet (physical memory assigned to process): 11M, peak: 11M
current process commit charge ("private bytes"): 70M, peak: 190M

vm_info: Java HotSpot(TM) 64-Bit Server VM (19.0.2+7-44) for windows-amd64 JRE (19.0.2+7-44), built on 2022-11-30T18:02:09Z by "mach5one" with MS VC++ 17.1 (VS2022)

END.
